INFO - 2025-01-18 13:38:06 --> Session: Class initialized using 'CodeIgniter\Session\Handlers\FileHandler' driver.
INFO - 2025-01-18 13:49:31 --> Session: Class initialized using 'CodeIgniter\Session\Handlers\FileHandler' driver.
CRITICAL - 2025-01-18 13:49:31 --> TypeError: Cannot access offset of type string on string
[Method: GET, Route: report_sql]
in APPPATH\Views\report_sql.php on line 54.
 1 SYSTEMPATH\View\View.php(234): include()
 2 SYSTEMPATH\View\View.php(237): CodeIgniter\View\View->CodeIgniter\View\{closure}()
 3 SYSTEMPATH\Common.php(1171): CodeIgniter\View\View->render('report_sql', [], true)
 4 APPPATH\Controllers\Report.php(28): view('report_sql', [...])
 5 SYSTEMPATH\CodeIgniter.php(933): App\Controllers\Report->index()
 6 SYSTEMPATH\CodeIgniter.php(509): CodeIgniter\CodeIgniter->runController(Object(App\Controllers\Report))
 7 SYSTEMPATH\CodeIgniter.php(355): CodeIgniter\CodeIgniter->handleRequest(null, Object(Config\Cache), false)
 8 SYSTEMPATH\Boot.php(325): CodeIgniter\CodeIgniter->run()
 9 SYSTEMPATH\Boot.php(67): CodeIgniter\Boot::runCodeIgniter(Object(CodeIgniter\CodeIgniter))
10 FCPATH\index.php(58): CodeIgniter\Boot::bootWeb(Object(Config\Paths))
INFO - 2025-01-18 13:49:38 --> Session: Class initialized using 'CodeIgniter\Session\Handlers\FileHandler' driver.
INFO - 2025-01-18 13:49:42 --> Session: Class initialized using 'CodeIgniter\Session\Handlers\FileHandler' driver.
CRITICAL - 2025-01-18 13:49:42 --> TypeError: Cannot access offset of type string on string
[Method: GET, Route: report_sql]
in APPPATH\Views\report_sql.php on line 54.
 1 SYSTEMPATH\View\View.php(234): include()
 2 SYSTEMPATH\View\View.php(237): CodeIgniter\View\View->CodeIgniter\View\{closure}()
 3 SYSTEMPATH\Common.php(1171): CodeIgniter\View\View->render('report_sql', [], true)
 4 APPPATH\Controllers\Report.php(28): view('report_sql', [...])
 5 SYSTEMPATH\CodeIgniter.php(933): App\Controllers\Report->index()
 6 SYSTEMPATH\CodeIgniter.php(509): CodeIgniter\CodeIgniter->runController(Object(App\Controllers\Report))
 7 SYSTEMPATH\CodeIgniter.php(355): CodeIgniter\CodeIgniter->handleRequest(null, Object(Config\Cache), false)
 8 SYSTEMPATH\Boot.php(325): CodeIgniter\CodeIgniter->run()
 9 SYSTEMPATH\Boot.php(67): CodeIgniter\Boot::runCodeIgniter(Object(CodeIgniter\CodeIgniter))
10 FCPATH\index.php(58): CodeIgniter\Boot::bootWeb(Object(Config\Paths))
INFO - 2025-01-18 13:50:46 --> Session: Class initialized using 'CodeIgniter\Session\Handlers\FileHandler' driver.
INFO - 2025-01-18 13:51:30 --> Session: Class initialized using 'CodeIgniter\Session\Handlers\FileHandler' driver.
INFO - 2025-01-18 13:51:35 --> Session: Class initialized using 'CodeIgniter\Session\Handlers\FileHandler' driver.
CRITICAL - 2025-01-18 13:51:35 --> TypeError: Cannot access offset of type string on string
[Method: GET, Route: filter]
in APPPATH\Views\report_sql.php on line 54.
 1 SYSTEMPATH\View\View.php(234): include()
 2 SYSTEMPATH\View\View.php(237): CodeIgniter\View\View->CodeIgniter\View\{closure}()
 3 SYSTEMPATH\Common.php(1171): CodeIgniter\View\View->render('report_sql', [], true)
 4 APPPATH\Controllers\Report.php(185): view('report_sql', [...])
 5 SYSTEMPATH\CodeIgniter.php(933): App\Controllers\Report->filter()
 6 SYSTEMPATH\CodeIgniter.php(509): CodeIgniter\CodeIgniter->runController(Object(App\Controllers\Report))
 7 SYSTEMPATH\CodeIgniter.php(355): CodeIgniter\CodeIgniter->handleRequest(null, Object(Config\Cache), false)
 8 SYSTEMPATH\Boot.php(325): CodeIgniter\CodeIgniter->run()
 9 SYSTEMPATH\Boot.php(67): CodeIgniter\Boot::runCodeIgniter(Object(CodeIgniter\CodeIgniter))
10 FCPATH\index.php(58): CodeIgniter\Boot::bootWeb(Object(Config\Paths))
INFO - 2025-01-18 13:53:56 --> Session: Class initialized using 'CodeIgniter\Session\Handlers\FileHandler' driver.
CRITICAL - 2025-01-18 13:53:56 --> TypeError: Cannot access offset of type string on string
[Method: GET, Route: filter]
in APPPATH\Views\report_sql.php on line 54.
 1 SYSTEMPATH\View\View.php(234): include()
 2 SYSTEMPATH\View\View.php(237): CodeIgniter\View\View->CodeIgniter\View\{closure}()
 3 SYSTEMPATH\Common.php(1171): CodeIgniter\View\View->render('report_sql', [], true)
 4 APPPATH\Controllers\Report.php(185): view('report_sql', [...])
 5 SYSTEMPATH\CodeIgniter.php(933): App\Controllers\Report->filter()
 6 SYSTEMPATH\CodeIgniter.php(509): CodeIgniter\CodeIgniter->runController(Object(App\Controllers\Report))
 7 SYSTEMPATH\CodeIgniter.php(355): CodeIgniter\CodeIgniter->handleRequest(null, Object(Config\Cache), false)
 8 SYSTEMPATH\Boot.php(325): CodeIgniter\CodeIgniter->run()
 9 SYSTEMPATH\Boot.php(67): CodeIgniter\Boot::runCodeIgniter(Object(CodeIgniter\CodeIgniter))
10 FCPATH\index.php(58): CodeIgniter\Boot::bootWeb(Object(Config\Paths))
INFO - 2025-01-18 13:54:06 --> Session: Class initialized using 'CodeIgniter\Session\Handlers\FileHandler' driver.
INFO - 2025-01-18 13:54:08 --> Session: Class initialized using 'CodeIgniter\Session\Handlers\FileHandler' driver.
INFO - 2025-01-18 14:03:48 --> Session: Class initialized using 'CodeIgniter\Session\Handlers\FileHandler' driver.
INFO - 2025-01-18 14:03:58 --> Session: Class initialized using 'CodeIgniter\Session\Handlers\FileHandler' driver.
CRITICAL - 2025-01-18 14:03:58 --> TypeError: Cannot access offset of type string on string
[Method: GET, Route: filter]
in APPPATH\Views\report_sql.php on line 54.
 1 SYSTEMPATH\View\View.php(234): include()
 2 SYSTEMPATH\View\View.php(237): CodeIgniter\View\View->CodeIgniter\View\{closure}()
 3 SYSTEMPATH\Common.php(1171): CodeIgniter\View\View->render('report_sql', [], true)
 4 APPPATH\Controllers\Report.php(185): view('report_sql', [...])
 5 SYSTEMPATH\CodeIgniter.php(933): App\Controllers\Report->filter()
 6 SYSTEMPATH\CodeIgniter.php(509): CodeIgniter\CodeIgniter->runController(Object(App\Controllers\Report))
 7 SYSTEMPATH\CodeIgniter.php(355): CodeIgniter\CodeIgniter->handleRequest(null, Object(Config\Cache), false)
 8 SYSTEMPATH\Boot.php(325): CodeIgniter\CodeIgniter->run()
 9 SYSTEMPATH\Boot.php(67): CodeIgniter\Boot::runCodeIgniter(Object(CodeIgniter\CodeIgniter))
10 FCPATH\index.php(58): CodeIgniter\Boot::bootWeb(Object(Config\Paths))
INFO - 2025-01-18 14:10:37 --> Session: Class initialized using 'CodeIgniter\Session\Handlers\FileHandler' driver.
CRITICAL - 2025-01-18 14:10:37 --> TypeError: Cannot access offset of type string on string
[Method: GET, Route: filter]
in APPPATH\Views\report_sql.php on line 54.
 1 SYSTEMPATH\View\View.php(234): include()
 2 SYSTEMPATH\View\View.php(237): CodeIgniter\View\View->CodeIgniter\View\{closure}()
 3 SYSTEMPATH\Common.php(1171): CodeIgniter\View\View->render('report_sql', [], true)
 4 APPPATH\Controllers\Report.php(203): view('report_sql', [...])
 5 SYSTEMPATH\CodeIgniter.php(933): App\Controllers\Report->filter()
 6 SYSTEMPATH\CodeIgniter.php(509): CodeIgniter\CodeIgniter->runController(Object(App\Controllers\Report))
 7 SYSTEMPATH\CodeIgniter.php(355): CodeIgniter\CodeIgniter->handleRequest(null, Object(Config\Cache), false)
 8 SYSTEMPATH\Boot.php(325): CodeIgniter\CodeIgniter->run()
 9 SYSTEMPATH\Boot.php(67): CodeIgniter\Boot::runCodeIgniter(Object(CodeIgniter\CodeIgniter))
10 FCPATH\index.php(58): CodeIgniter\Boot::bootWeb(Object(Config\Paths))
INFO - 2025-01-18 14:10:38 --> Session: Class initialized using 'CodeIgniter\Session\Handlers\FileHandler' driver.
CRITICAL - 2025-01-18 14:10:38 --> TypeError: Cannot access offset of type string on string
[Method: GET, Route: filter]
in APPPATH\Views\report_sql.php on line 54.
 1 SYSTEMPATH\View\View.php(234): include()
 2 SYSTEMPATH\View\View.php(237): CodeIgniter\View\View->CodeIgniter\View\{closure}()
 3 SYSTEMPATH\Common.php(1171): CodeIgniter\View\View->render('report_sql', [], true)
 4 APPPATH\Controllers\Report.php(203): view('report_sql', [...])
 5 SYSTEMPATH\CodeIgniter.php(933): App\Controllers\Report->filter()
 6 SYSTEMPATH\CodeIgniter.php(509): CodeIgniter\CodeIgniter->runController(Object(App\Controllers\Report))
 7 SYSTEMPATH\CodeIgniter.php(355): CodeIgniter\CodeIgniter->handleRequest(null, Object(Config\Cache), false)
 8 SYSTEMPATH\Boot.php(325): CodeIgniter\CodeIgniter->run()
 9 SYSTEMPATH\Boot.php(67): CodeIgniter\Boot::runCodeIgniter(Object(CodeIgniter\CodeIgniter))
10 FCPATH\index.php(58): CodeIgniter\Boot::bootWeb(Object(Config\Paths))
INFO - 2025-01-18 14:10:38 --> Session: Class initialized using 'CodeIgniter\Session\Handlers\FileHandler' driver.
CRITICAL - 2025-01-18 14:10:38 --> TypeError: Cannot access offset of type string on string
[Method: GET, Route: filter]
in APPPATH\Views\report_sql.php on line 54.
 1 SYSTEMPATH\View\View.php(234): include()
 2 SYSTEMPATH\View\View.php(237): CodeIgniter\View\View->CodeIgniter\View\{closure}()
 3 SYSTEMPATH\Common.php(1171): CodeIgniter\View\View->render('report_sql', [], true)
 4 APPPATH\Controllers\Report.php(203): view('report_sql', [...])
 5 SYSTEMPATH\CodeIgniter.php(933): App\Controllers\Report->filter()
 6 SYSTEMPATH\CodeIgniter.php(509): CodeIgniter\CodeIgniter->runController(Object(App\Controllers\Report))
 7 SYSTEMPATH\CodeIgniter.php(355): CodeIgniter\CodeIgniter->handleRequest(null, Object(Config\Cache), false)
 8 SYSTEMPATH\Boot.php(325): CodeIgniter\CodeIgniter->run()
 9 SYSTEMPATH\Boot.php(67): CodeIgniter\Boot::runCodeIgniter(Object(CodeIgniter\CodeIgniter))
10 FCPATH\index.php(58): CodeIgniter\Boot::bootWeb(Object(Config\Paths))
WARNING - 2025-01-18 14:11:46 --> [DEPRECATED] urlencode(): Passing null to parameter #1 ($string) of type string is deprecated in APPPATH\Controllers\Report.php on line 162.
 1 APPPATH\Controllers\Report.php(162): urlencode(null)
 2 APPPATH\Controllers\Report.php(180): App\Controllers\Report->filter_report(null, null, 'AutoDrop')
 3 SYSTEMPATH\CodeIgniter.php(933): App\Controllers\Report->filter()
 4 SYSTEMPATH\CodeIgniter.php(509): CodeIgniter\CodeIgniter->runController(Object(App\Controllers\Report))
 5 SYSTEMPATH\CodeIgniter.php(355): CodeIgniter\CodeIgniter->handleRequest(null, Object(Config\Cache), false)
 6 SYSTEMPATH\Boot.php(325): CodeIgniter\CodeIgniter->run()
 7 SYSTEMPATH\Boot.php(67): CodeIgniter\Boot::runCodeIgniter(Object(CodeIgniter\CodeIgniter))
 8 FCPATH\index.php(58): CodeIgniter\Boot::bootWeb(Object(Config\Paths))
WARNING - 2025-01-18 14:11:46 --> [DEPRECATED] urlencode(): Passing null to parameter #1 ($string) of type string is deprecated in APPPATH\Controllers\Report.php on line 162.
 1 APPPATH\Controllers\Report.php(162): urlencode(null)
 2 APPPATH\Controllers\Report.php(180): App\Controllers\Report->filter_report(null, null, 'AutoDrop')
 3 SYSTEMPATH\CodeIgniter.php(933): App\Controllers\Report->filter()
 4 SYSTEMPATH\CodeIgniter.php(509): CodeIgniter\CodeIgniter->runController(Object(App\Controllers\Report))
 5 SYSTEMPATH\CodeIgniter.php(355): CodeIgniter\CodeIgniter->handleRequest(null, Object(Config\Cache), false)
 6 SYSTEMPATH\Boot.php(325): CodeIgniter\CodeIgniter->run()
 7 SYSTEMPATH\Boot.php(67): CodeIgniter\Boot::runCodeIgniter(Object(CodeIgniter\CodeIgniter))
 8 FCPATH\index.php(58): CodeIgniter\Boot::bootWeb(Object(Config\Paths))
WARNING - 2025-01-18 14:11:57 --> [DEPRECATED] urlencode(): Passing null to parameter #1 ($string) of type string is deprecated in APPPATH\Controllers\Report.php on line 162.
 1 APPPATH\Controllers\Report.php(162): urlencode(null)
 2 APPPATH\Controllers\Report.php(180): App\Controllers\Report->filter_report(null, null, 'AutoDrop')
 3 SYSTEMPATH\CodeIgniter.php(933): App\Controllers\Report->filter()
 4 SYSTEMPATH\CodeIgniter.php(509): CodeIgniter\CodeIgniter->runController(Object(App\Controllers\Report))
 5 SYSTEMPATH\CodeIgniter.php(355): CodeIgniter\CodeIgniter->handleRequest(null, Object(Config\Cache), false)
 6 SYSTEMPATH\Boot.php(325): CodeIgniter\CodeIgniter->run()
 7 SYSTEMPATH\Boot.php(67): CodeIgniter\Boot::runCodeIgniter(Object(CodeIgniter\CodeIgniter))
 8 FCPATH\index.php(58): CodeIgniter\Boot::bootWeb(Object(Config\Paths))
WARNING - 2025-01-18 14:11:57 --> [DEPRECATED] urlencode(): Passing null to parameter #1 ($string) of type string is deprecated in APPPATH\Controllers\Report.php on line 162.
 1 APPPATH\Controllers\Report.php(162): urlencode(null)
 2 APPPATH\Controllers\Report.php(180): App\Controllers\Report->filter_report(null, null, 'AutoDrop')
 3 SYSTEMPATH\CodeIgniter.php(933): App\Controllers\Report->filter()
 4 SYSTEMPATH\CodeIgniter.php(509): CodeIgniter\CodeIgniter->runController(Object(App\Controllers\Report))
 5 SYSTEMPATH\CodeIgniter.php(355): CodeIgniter\CodeIgniter->handleRequest(null, Object(Config\Cache), false)
 6 SYSTEMPATH\Boot.php(325): CodeIgniter\CodeIgniter->run()
 7 SYSTEMPATH\Boot.php(67): CodeIgniter\Boot::runCodeIgniter(Object(CodeIgniter\CodeIgniter))
 8 FCPATH\index.php(58): CodeIgniter\Boot::bootWeb(Object(Config\Paths))
WARNING - 2025-01-18 14:11:58 --> [DEPRECATED] urlencode(): Passing null to parameter #1 ($string) of type string is deprecated in APPPATH\Controllers\Report.php on line 162.
 1 APPPATH\Controllers\Report.php(162): urlencode(null)
 2 APPPATH\Controllers\Report.php(180): App\Controllers\Report->filter_report(null, null, 'AutoDrop')
 3 SYSTEMPATH\CodeIgniter.php(933): App\Controllers\Report->filter()
 4 SYSTEMPATH\CodeIgniter.php(509): CodeIgniter\CodeIgniter->runController(Object(App\Controllers\Report))
 5 SYSTEMPATH\CodeIgniter.php(355): CodeIgniter\CodeIgniter->handleRequest(null, Object(Config\Cache), false)
 6 SYSTEMPATH\Boot.php(325): CodeIgniter\CodeIgniter->run()
 7 SYSTEMPATH\Boot.php(67): CodeIgniter\Boot::runCodeIgniter(Object(CodeIgniter\CodeIgniter))
 8 FCPATH\index.php(58): CodeIgniter\Boot::bootWeb(Object(Config\Paths))
WARNING - 2025-01-18 14:11:58 --> [DEPRECATED] urlencode(): Passing null to parameter #1 ($string) of type string is deprecated in APPPATH\Controllers\Report.php on line 162.
 1 APPPATH\Controllers\Report.php(162): urlencode(null)
 2 APPPATH\Controllers\Report.php(180): App\Controllers\Report->filter_report(null, null, 'AutoDrop')
 3 SYSTEMPATH\CodeIgniter.php(933): App\Controllers\Report->filter()
 4 SYSTEMPATH\CodeIgniter.php(509): CodeIgniter\CodeIgniter->runController(Object(App\Controllers\Report))
 5 SYSTEMPATH\CodeIgniter.php(355): CodeIgniter\CodeIgniter->handleRequest(null, Object(Config\Cache), false)
 6 SYSTEMPATH\Boot.php(325): CodeIgniter\CodeIgniter->run()
 7 SYSTEMPATH\Boot.php(67): CodeIgniter\Boot::runCodeIgniter(Object(CodeIgniter\CodeIgniter))
 8 FCPATH\index.php(58): CodeIgniter\Boot::bootWeb(Object(Config\Paths))
WARNING - 2025-01-18 14:11:58 --> [DEPRECATED] urlencode(): Passing null to parameter #1 ($string) of type string is deprecated in APPPATH\Controllers\Report.php on line 162.
 1 APPPATH\Controllers\Report.php(162): urlencode(null)
 2 APPPATH\Controllers\Report.php(180): App\Controllers\Report->filter_report(null, null, 'AutoDrop')
 3 SYSTEMPATH\CodeIgniter.php(933): App\Controllers\Report->filter()
 4 SYSTEMPATH\CodeIgniter.php(509): CodeIgniter\CodeIgniter->runController(Object(App\Controllers\Report))
 5 SYSTEMPATH\CodeIgniter.php(355): CodeIgniter\CodeIgniter->handleRequest(null, Object(Config\Cache), false)
 6 SYSTEMPATH\Boot.php(325): CodeIgniter\CodeIgniter->run()
 7 SYSTEMPATH\Boot.php(67): CodeIgniter\Boot::runCodeIgniter(Object(CodeIgniter\CodeIgniter))
 8 FCPATH\index.php(58): CodeIgniter\Boot::bootWeb(Object(Config\Paths))
WARNING - 2025-01-18 14:11:58 --> [DEPRECATED] urlencode(): Passing null to parameter #1 ($string) of type string is deprecated in APPPATH\Controllers\Report.php on line 162.
 1 APPPATH\Controllers\Report.php(162): urlencode(null)
 2 APPPATH\Controllers\Report.php(180): App\Controllers\Report->filter_report(null, null, 'AutoDrop')
 3 SYSTEMPATH\CodeIgniter.php(933): App\Controllers\Report->filter()
 4 SYSTEMPATH\CodeIgniter.php(509): CodeIgniter\CodeIgniter->runController(Object(App\Controllers\Report))
 5 SYSTEMPATH\CodeIgniter.php(355): CodeIgniter\CodeIgniter->handleRequest(null, Object(Config\Cache), false)
 6 SYSTEMPATH\Boot.php(325): CodeIgniter\CodeIgniter->run()
 7 SYSTEMPATH\Boot.php(67): CodeIgniter\Boot::runCodeIgniter(Object(CodeIgniter\CodeIgniter))
 8 FCPATH\index.php(58): CodeIgniter\Boot::bootWeb(Object(Config\Paths))
WARNING - 2025-01-18 14:11:59 --> [DEPRECATED] urlencode(): Passing null to parameter #1 ($string) of type string is deprecated in APPPATH\Controllers\Report.php on line 162.
 1 APPPATH\Controllers\Report.php(162): urlencode(null)
 2 APPPATH\Controllers\Report.php(180): App\Controllers\Report->filter_report(null, null, 'AutoDrop')
 3 SYSTEMPATH\CodeIgniter.php(933): App\Controllers\Report->filter()
 4 SYSTEMPATH\CodeIgniter.php(509): CodeIgniter\CodeIgniter->runController(Object(App\Controllers\Report))
 5 SYSTEMPATH\CodeIgniter.php(355): CodeIgniter\CodeIgniter->handleRequest(null, Object(Config\Cache), false)
 6 SYSTEMPATH\Boot.php(325): CodeIgniter\CodeIgniter->run()
 7 SYSTEMPATH\Boot.php(67): CodeIgniter\Boot::runCodeIgniter(Object(CodeIgniter\CodeIgniter))
 8 FCPATH\index.php(58): CodeIgniter\Boot::bootWeb(Object(Config\Paths))
WARNING - 2025-01-18 14:11:59 --> [DEPRECATED] urlencode(): Passing null to parameter #1 ($string) of type string is deprecated in APPPATH\Controllers\Report.php on line 162.
 1 APPPATH\Controllers\Report.php(162): urlencode(null)
 2 APPPATH\Controllers\Report.php(180): App\Controllers\Report->filter_report(null, null, 'AutoDrop')
 3 SYSTEMPATH\CodeIgniter.php(933): App\Controllers\Report->filter()
 4 SYSTEMPATH\CodeIgniter.php(509): CodeIgniter\CodeIgniter->runController(Object(App\Controllers\Report))
 5 SYSTEMPATH\CodeIgniter.php(355): CodeIgniter\CodeIgniter->handleRequest(null, Object(Config\Cache), false)
 6 SYSTEMPATH\Boot.php(325): CodeIgniter\CodeIgniter->run()
 7 SYSTEMPATH\Boot.php(67): CodeIgniter\Boot::runCodeIgniter(Object(CodeIgniter\CodeIgniter))
 8 FCPATH\index.php(58): CodeIgniter\Boot::bootWeb(Object(Config\Paths))
WARNING - 2025-01-18 14:12:08 --> [DEPRECATED] urlencode(): Passing null to parameter #1 ($string) of type string is deprecated in APPPATH\Controllers\Report.php on line 162.
 1 APPPATH\Controllers\Report.php(162): urlencode(null)
 2 APPPATH\Controllers\Report.php(180): App\Controllers\Report->filter_report(null, null, 'AutoDrop')
 3 SYSTEMPATH\CodeIgniter.php(933): App\Controllers\Report->filter()
 4 SYSTEMPATH\CodeIgniter.php(509): CodeIgniter\CodeIgniter->runController(Object(App\Controllers\Report))
 5 SYSTEMPATH\CodeIgniter.php(355): CodeIgniter\CodeIgniter->handleRequest(null, Object(Config\Cache), false)
 6 SYSTEMPATH\Boot.php(325): CodeIgniter\CodeIgniter->run()
 7 SYSTEMPATH\Boot.php(67): CodeIgniter\Boot::runCodeIgniter(Object(CodeIgniter\CodeIgniter))
 8 FCPATH\index.php(58): CodeIgniter\Boot::bootWeb(Object(Config\Paths))
WARNING - 2025-01-18 14:12:08 --> [DEPRECATED] urlencode(): Passing null to parameter #1 ($string) of type string is deprecated in APPPATH\Controllers\Report.php on line 162.
 1 APPPATH\Controllers\Report.php(162): urlencode(null)
 2 APPPATH\Controllers\Report.php(180): App\Controllers\Report->filter_report(null, null, 'AutoDrop')
 3 SYSTEMPATH\CodeIgniter.php(933): App\Controllers\Report->filter()
 4 SYSTEMPATH\CodeIgniter.php(509): CodeIgniter\CodeIgniter->runController(Object(App\Controllers\Report))
 5 SYSTEMPATH\CodeIgniter.php(355): CodeIgniter\CodeIgniter->handleRequest(null, Object(Config\Cache), false)
 6 SYSTEMPATH\Boot.php(325): CodeIgniter\CodeIgniter->run()
 7 SYSTEMPATH\Boot.php(67): CodeIgniter\Boot::runCodeIgniter(Object(CodeIgniter\CodeIgniter))
 8 FCPATH\index.php(58): CodeIgniter\Boot::bootWeb(Object(Config\Paths))
INFO - 2025-01-18 14:12:08 --> Session: Class initialized using 'CodeIgniter\Session\Handlers\FileHandler' driver.
CRITICAL - 2025-01-18 14:12:08 --> TypeError: Cannot access offset of type string on string
[Method: GET, Route: filter]
in APPPATH\Views\report_sql.php on line 54.
 1 SYSTEMPATH\View\View.php(234): include()
 2 SYSTEMPATH\View\View.php(237): CodeIgniter\View\View->CodeIgniter\View\{closure}()
 3 SYSTEMPATH\Common.php(1171): CodeIgniter\View\View->render('report_sql', [], true)
 4 APPPATH\Controllers\Report.php(186): view('report_sql', [...])
 5 SYSTEMPATH\CodeIgniter.php(933): App\Controllers\Report->filter()
 6 SYSTEMPATH\CodeIgniter.php(509): CodeIgniter\CodeIgniter->runController(Object(App\Controllers\Report))
 7 SYSTEMPATH\CodeIgniter.php(355): CodeIgniter\CodeIgniter->handleRequest(null, Object(Config\Cache), false)
 8 SYSTEMPATH\Boot.php(325): CodeIgniter\CodeIgniter->run()
 9 SYSTEMPATH\Boot.php(67): CodeIgniter\Boot::runCodeIgniter(Object(CodeIgniter\CodeIgniter))
10 FCPATH\index.php(58): CodeIgniter\Boot::bootWeb(Object(Config\Paths))
WARNING - 2025-01-18 14:12:09 --> [DEPRECATED] urlencode(): Passing null to parameter #1 ($string) of type string is deprecated in APPPATH\Controllers\Report.php on line 162.
 1 APPPATH\Controllers\Report.php(162): urlencode(null)
 2 APPPATH\Controllers\Report.php(180): App\Controllers\Report->filter_report(null, null, 'AutoDrop')
 3 SYSTEMPATH\CodeIgniter.php(933): App\Controllers\Report->filter()
 4 SYSTEMPATH\CodeIgniter.php(509): CodeIgniter\CodeIgniter->runController(Object(App\Controllers\Report))
 5 SYSTEMPATH\CodeIgniter.php(355): CodeIgniter\CodeIgniter->handleRequest(null, Object(Config\Cache), false)
 6 SYSTEMPATH\Boot.php(325): CodeIgniter\CodeIgniter->run()
 7 SYSTEMPATH\Boot.php(67): CodeIgniter\Boot::runCodeIgniter(Object(CodeIgniter\CodeIgniter))
 8 FCPATH\index.php(58): CodeIgniter\Boot::bootWeb(Object(Config\Paths))
WARNING - 2025-01-18 14:12:09 --> [DEPRECATED] urlencode(): Passing null to parameter #1 ($string) of type string is deprecated in APPPATH\Controllers\Report.php on line 162.
 1 APPPATH\Controllers\Report.php(162): urlencode(null)
 2 APPPATH\Controllers\Report.php(180): App\Controllers\Report->filter_report(null, null, 'AutoDrop')
 3 SYSTEMPATH\CodeIgniter.php(933): App\Controllers\Report->filter()
 4 SYSTEMPATH\CodeIgniter.php(509): CodeIgniter\CodeIgniter->runController(Object(App\Controllers\Report))
 5 SYSTEMPATH\CodeIgniter.php(355): CodeIgniter\CodeIgniter->handleRequest(null, Object(Config\Cache), false)
 6 SYSTEMPATH\Boot.php(325): CodeIgniter\CodeIgniter->run()
 7 SYSTEMPATH\Boot.php(67): CodeIgniter\Boot::runCodeIgniter(Object(CodeIgniter\CodeIgniter))
 8 FCPATH\index.php(58): CodeIgniter\Boot::bootWeb(Object(Config\Paths))
INFO - 2025-01-18 14:12:09 --> Session: Class initialized using 'CodeIgniter\Session\Handlers\FileHandler' driver.
CRITICAL - 2025-01-18 14:12:09 --> TypeError: Cannot access offset of type string on string
[Method: GET, Route: filter]
in APPPATH\Views\report_sql.php on line 54.
 1 SYSTEMPATH\View\View.php(234): include()
 2 SYSTEMPATH\View\View.php(237): CodeIgniter\View\View->CodeIgniter\View\{closure}()
 3 SYSTEMPATH\Common.php(1171): CodeIgniter\View\View->render('report_sql', [], true)
 4 APPPATH\Controllers\Report.php(186): view('report_sql', [...])
 5 SYSTEMPATH\CodeIgniter.php(933): App\Controllers\Report->filter()
 6 SYSTEMPATH\CodeIgniter.php(509): CodeIgniter\CodeIgniter->runController(Object(App\Controllers\Report))
 7 SYSTEMPATH\CodeIgniter.php(355): CodeIgniter\CodeIgniter->handleRequest(null, Object(Config\Cache), false)
 8 SYSTEMPATH\Boot.php(325): CodeIgniter\CodeIgniter->run()
 9 SYSTEMPATH\Boot.php(67): CodeIgniter\Boot::runCodeIgniter(Object(CodeIgniter\CodeIgniter))
10 FCPATH\index.php(58): CodeIgniter\Boot::bootWeb(Object(Config\Paths))
WARNING - 2025-01-18 14:12:09 --> [DEPRECATED] urlencode(): Passing null to parameter #1 ($string) of type string is deprecated in APPPATH\Controllers\Report.php on line 162.
 1 APPPATH\Controllers\Report.php(162): urlencode(null)
 2 APPPATH\Controllers\Report.php(180): App\Controllers\Report->filter_report(null, null, 'AutoDrop')
 3 SYSTEMPATH\CodeIgniter.php(933): App\Controllers\Report->filter()
 4 SYSTEMPATH\CodeIgniter.php(509): CodeIgniter\CodeIgniter->runController(Object(App\Controllers\Report))
 5 SYSTEMPATH\CodeIgniter.php(355): CodeIgniter\CodeIgniter->handleRequest(null, Object(Config\Cache), false)
 6 SYSTEMPATH\Boot.php(325): CodeIgniter\CodeIgniter->run()
 7 SYSTEMPATH\Boot.php(67): CodeIgniter\Boot::runCodeIgniter(Object(CodeIgniter\CodeIgniter))
 8 FCPATH\index.php(58): CodeIgniter\Boot::bootWeb(Object(Config\Paths))
WARNING - 2025-01-18 14:12:09 --> [DEPRECATED] urlencode(): Passing null to parameter #1 ($string) of type string is deprecated in APPPATH\Controllers\Report.php on line 162.
 1 APPPATH\Controllers\Report.php(162): urlencode(null)
 2 APPPATH\Controllers\Report.php(180): App\Controllers\Report->filter_report(null, null, 'AutoDrop')
 3 SYSTEMPATH\CodeIgniter.php(933): App\Controllers\Report->filter()
 4 SYSTEMPATH\CodeIgniter.php(509): CodeIgniter\CodeIgniter->runController(Object(App\Controllers\Report))
 5 SYSTEMPATH\CodeIgniter.php(355): CodeIgniter\CodeIgniter->handleRequest(null, Object(Config\Cache), false)
 6 SYSTEMPATH\Boot.php(325): CodeIgniter\CodeIgniter->run()
 7 SYSTEMPATH\Boot.php(67): CodeIgniter\Boot::runCodeIgniter(Object(CodeIgniter\CodeIgniter))
 8 FCPATH\index.php(58): CodeIgniter\Boot::bootWeb(Object(Config\Paths))
INFO - 2025-01-18 14:12:10 --> Session: Class initialized using 'CodeIgniter\Session\Handlers\FileHandler' driver.
CRITICAL - 2025-01-18 14:12:10 --> TypeError: Cannot access offset of type string on string
[Method: GET, Route: filter]
in APPPATH\Views\report_sql.php on line 54.
 1 SYSTEMPATH\View\View.php(234): include()
 2 SYSTEMPATH\View\View.php(237): CodeIgniter\View\View->CodeIgniter\View\{closure}()
 3 SYSTEMPATH\Common.php(1171): CodeIgniter\View\View->render('report_sql', [], true)
 4 APPPATH\Controllers\Report.php(186): view('report_sql', [...])
 5 SYSTEMPATH\CodeIgniter.php(933): App\Controllers\Report->filter()
 6 SYSTEMPATH\CodeIgniter.php(509): CodeIgniter\CodeIgniter->runController(Object(App\Controllers\Report))
 7 SYSTEMPATH\CodeIgniter.php(355): CodeIgniter\CodeIgniter->handleRequest(null, Object(Config\Cache), false)
 8 SYSTEMPATH\Boot.php(325): CodeIgniter\CodeIgniter->run()
 9 SYSTEMPATH\Boot.php(67): CodeIgniter\Boot::runCodeIgniter(Object(CodeIgniter\CodeIgniter))
10 FCPATH\index.php(58): CodeIgniter\Boot::bootWeb(Object(Config\Paths))
WARNING - 2025-01-18 14:12:10 --> [DEPRECATED] urlencode(): Passing null to parameter #1 ($string) of type string is deprecated in APPPATH\Controllers\Report.php on line 162.
 1 APPPATH\Controllers\Report.php(162): urlencode(null)
 2 APPPATH\Controllers\Report.php(180): App\Controllers\Report->filter_report(null, null, 'AutoDrop')
 3 SYSTEMPATH\CodeIgniter.php(933): App\Controllers\Report->filter()
 4 SYSTEMPATH\CodeIgniter.php(509): CodeIgniter\CodeIgniter->runController(Object(App\Controllers\Report))
 5 SYSTEMPATH\CodeIgniter.php(355): CodeIgniter\CodeIgniter->handleRequest(null, Object(Config\Cache), false)
 6 SYSTEMPATH\Boot.php(325): CodeIgniter\CodeIgniter->run()
 7 SYSTEMPATH\Boot.php(67): CodeIgniter\Boot::runCodeIgniter(Object(CodeIgniter\CodeIgniter))
 8 FCPATH\index.php(58): CodeIgniter\Boot::bootWeb(Object(Config\Paths))
WARNING - 2025-01-18 14:12:10 --> [DEPRECATED] urlencode(): Passing null to parameter #1 ($string) of type string is deprecated in APPPATH\Controllers\Report.php on line 162.
 1 APPPATH\Controllers\Report.php(162): urlencode(null)
 2 APPPATH\Controllers\Report.php(180): App\Controllers\Report->filter_report(null, null, 'AutoDrop')
 3 SYSTEMPATH\CodeIgniter.php(933): App\Controllers\Report->filter()
 4 SYSTEMPATH\CodeIgniter.php(509): CodeIgniter\CodeIgniter->runController(Object(App\Controllers\Report))
 5 SYSTEMPATH\CodeIgniter.php(355): CodeIgniter\CodeIgniter->handleRequest(null, Object(Config\Cache), false)
 6 SYSTEMPATH\Boot.php(325): CodeIgniter\CodeIgniter->run()
 7 SYSTEMPATH\Boot.php(67): CodeIgniter\Boot::runCodeIgniter(Object(CodeIgniter\CodeIgniter))
 8 FCPATH\index.php(58): CodeIgniter\Boot::bootWeb(Object(Config\Paths))
INFO - 2025-01-18 14:12:10 --> Session: Class initialized using 'CodeIgniter\Session\Handlers\FileHandler' driver.
CRITICAL - 2025-01-18 14:12:10 --> TypeError: Cannot access offset of type string on string
[Method: GET, Route: filter]
in APPPATH\Views\report_sql.php on line 54.
 1 SYSTEMPATH\View\View.php(234): include()
 2 SYSTEMPATH\View\View.php(237): CodeIgniter\View\View->CodeIgniter\View\{closure}()
 3 SYSTEMPATH\Common.php(1171): CodeIgniter\View\View->render('report_sql', [], true)
 4 APPPATH\Controllers\Report.php(186): view('report_sql', [...])
 5 SYSTEMPATH\CodeIgniter.php(933): App\Controllers\Report->filter()
 6 SYSTEMPATH\CodeIgniter.php(509): CodeIgniter\CodeIgniter->runController(Object(App\Controllers\Report))
 7 SYSTEMPATH\CodeIgniter.php(355): CodeIgniter\CodeIgniter->handleRequest(null, Object(Config\Cache), false)
 8 SYSTEMPATH\Boot.php(325): CodeIgniter\CodeIgniter->run()
 9 SYSTEMPATH\Boot.php(67): CodeIgniter\Boot::runCodeIgniter(Object(CodeIgniter\CodeIgniter))
10 FCPATH\index.php(58): CodeIgniter\Boot::bootWeb(Object(Config\Paths))
WARNING - 2025-01-18 14:12:10 --> [DEPRECATED] urlencode(): Passing null to parameter #1 ($string) of type string is deprecated in APPPATH\Controllers\Report.php on line 162.
 1 APPPATH\Controllers\Report.php(162): urlencode(null)
 2 APPPATH\Controllers\Report.php(180): App\Controllers\Report->filter_report(null, null, 'AutoDrop')
 3 SYSTEMPATH\CodeIgniter.php(933): App\Controllers\Report->filter()
 4 SYSTEMPATH\CodeIgniter.php(509): CodeIgniter\CodeIgniter->runController(Object(App\Controllers\Report))
 5 SYSTEMPATH\CodeIgniter.php(355): CodeIgniter\CodeIgniter->handleRequest(null, Object(Config\Cache), false)
 6 SYSTEMPATH\Boot.php(325): CodeIgniter\CodeIgniter->run()
 7 SYSTEMPATH\Boot.php(67): CodeIgniter\Boot::runCodeIgniter(Object(CodeIgniter\CodeIgniter))
 8 FCPATH\index.php(58): CodeIgniter\Boot::bootWeb(Object(Config\Paths))
WARNING - 2025-01-18 14:12:10 --> [DEPRECATED] urlencode(): Passing null to parameter #1 ($string) of type string is deprecated in APPPATH\Controllers\Report.php on line 162.
 1 APPPATH\Controllers\Report.php(162): urlencode(null)
 2 APPPATH\Controllers\Report.php(180): App\Controllers\Report->filter_report(null, null, 'AutoDrop')
 3 SYSTEMPATH\CodeIgniter.php(933): App\Controllers\Report->filter()
 4 SYSTEMPATH\CodeIgniter.php(509): CodeIgniter\CodeIgniter->runController(Object(App\Controllers\Report))
 5 SYSTEMPATH\CodeIgniter.php(355): CodeIgniter\CodeIgniter->handleRequest(null, Object(Config\Cache), false)
 6 SYSTEMPATH\Boot.php(325): CodeIgniter\CodeIgniter->run()
 7 SYSTEMPATH\Boot.php(67): CodeIgniter\Boot::runCodeIgniter(Object(CodeIgniter\CodeIgniter))
 8 FCPATH\index.php(58): CodeIgniter\Boot::bootWeb(Object(Config\Paths))
INFO - 2025-01-18 14:12:10 --> Session: Class initialized using 'CodeIgniter\Session\Handlers\FileHandler' driver.
CRITICAL - 2025-01-18 14:12:10 --> TypeError: Cannot access offset of type string on string
[Method: GET, Route: filter]
in APPPATH\Views\report_sql.php on line 54.
 1 SYSTEMPATH\View\View.php(234): include()
 2 SYSTEMPATH\View\View.php(237): CodeIgniter\View\View->CodeIgniter\View\{closure}()
 3 SYSTEMPATH\Common.php(1171): CodeIgniter\View\View->render('report_sql', [], true)
 4 APPPATH\Controllers\Report.php(186): view('report_sql', [...])
 5 SYSTEMPATH\CodeIgniter.php(933): App\Controllers\Report->filter()
 6 SYSTEMPATH\CodeIgniter.php(509): CodeIgniter\CodeIgniter->runController(Object(App\Controllers\Report))
 7 SYSTEMPATH\CodeIgniter.php(355): CodeIgniter\CodeIgniter->handleRequest(null, Object(Config\Cache), false)
 8 SYSTEMPATH\Boot.php(325): CodeIgniter\CodeIgniter->run()
 9 SYSTEMPATH\Boot.php(67): CodeIgniter\Boot::runCodeIgniter(Object(CodeIgniter\CodeIgniter))
10 FCPATH\index.php(58): CodeIgniter\Boot::bootWeb(Object(Config\Paths))
INFO - 2025-01-18 14:12:13 --> Session: Class initialized using 'CodeIgniter\Session\Handlers\FileHandler' driver.
INFO - 2025-01-18 14:12:14 --> Session: Class initialized using 'CodeIgniter\Session\Handlers\FileHandler' driver.
INFO - 2025-01-18 14:12:16 --> Session: Class initialized using 'CodeIgniter\Session\Handlers\FileHandler' driver.
INFO - 2025-01-18 14:12:37 --> Session: Class initialized using 'CodeIgniter\Session\Handlers\FileHandler' driver.
WARNING - 2025-01-18 14:12:57 --> [DEPRECATED] urlencode(): Passing null to parameter #1 ($string) of type string is deprecated in APPPATH\Controllers\Report.php on line 162.
 1 APPPATH\Controllers\Report.php(162): urlencode(null)
 2 APPPATH\Controllers\Report.php(180): App\Controllers\Report->filter_report(null, null, 'AutoFail')
 3 SYSTEMPATH\CodeIgniter.php(933): App\Controllers\Report->filter()
 4 SYSTEMPATH\CodeIgniter.php(509): CodeIgniter\CodeIgniter->runController(Object(App\Controllers\Report))
 5 SYSTEMPATH\CodeIgniter.php(355): CodeIgniter\CodeIgniter->handleRequest(null, Object(Config\Cache), false)
 6 SYSTEMPATH\Boot.php(325): CodeIgniter\CodeIgniter->run()
 7 SYSTEMPATH\Boot.php(67): CodeIgniter\Boot::runCodeIgniter(Object(CodeIgniter\CodeIgniter))
 8 FCPATH\index.php(58): CodeIgniter\Boot::bootWeb(Object(Config\Paths))
WARNING - 2025-01-18 14:12:57 --> [DEPRECATED] urlencode(): Passing null to parameter #1 ($string) of type string is deprecated in APPPATH\Controllers\Report.php on line 162.
 1 APPPATH\Controllers\Report.php(162): urlencode(null)
 2 APPPATH\Controllers\Report.php(180): App\Controllers\Report->filter_report(null, null, 'AutoFail')
 3 SYSTEMPATH\CodeIgniter.php(933): App\Controllers\Report->filter()
 4 SYSTEMPATH\CodeIgniter.php(509): CodeIgniter\CodeIgniter->runController(Object(App\Controllers\Report))
 5 SYSTEMPATH\CodeIgniter.php(355): CodeIgniter\CodeIgniter->handleRequest(null, Object(Config\Cache), false)
 6 SYSTEMPATH\Boot.php(325): CodeIgniter\CodeIgniter->run()
 7 SYSTEMPATH\Boot.php(67): CodeIgniter\Boot::runCodeIgniter(Object(CodeIgniter\CodeIgniter))
 8 FCPATH\index.php(58): CodeIgniter\Boot::bootWeb(Object(Config\Paths))
INFO - 2025-01-18 14:12:57 --> Session: Class initialized using 'CodeIgniter\Session\Handlers\FileHandler' driver.
CRITICAL - 2025-01-18 14:12:57 --> TypeError: Cannot access offset of type string on string
[Method: GET, Route: filter]
in APPPATH\Views\report_sql.php on line 54.
 1 SYSTEMPATH\View\View.php(234): include()
 2 SYSTEMPATH\View\View.php(237): CodeIgniter\View\View->CodeIgniter\View\{closure}()
 3 SYSTEMPATH\Common.php(1171): CodeIgniter\View\View->render('report_sql', [], true)
 4 APPPATH\Controllers\Report.php(186): view('report_sql', [...])
 5 SYSTEMPATH\CodeIgniter.php(933): App\Controllers\Report->filter()
 6 SYSTEMPATH\CodeIgniter.php(509): CodeIgniter\CodeIgniter->runController(Object(App\Controllers\Report))
 7 SYSTEMPATH\CodeIgniter.php(355): CodeIgniter\CodeIgniter->handleRequest(null, Object(Config\Cache), false)
 8 SYSTEMPATH\Boot.php(325): CodeIgniter\CodeIgniter->run()
 9 SYSTEMPATH\Boot.php(67): CodeIgniter\Boot::runCodeIgniter(Object(CodeIgniter\CodeIgniter))
10 FCPATH\index.php(58): CodeIgniter\Boot::bootWeb(Object(Config\Paths))
